Checking for new versions...

Getting ready...
Ready! You are using Stripe API Version [2026-03-25.dahlia]. Your webhook signing secret is whsec_cad8cb190d60f7e78da7e127880f00daa2ff920dc8fcc35fca44dcbc076b286f (^C to quit)
2026-04-15 11:57:10   --> product.created [evt_1TMVoQFnytbVCW7w11m2j8fR]
2026-04-15 11:57:10  <--  [200] POST http://localhost:3000/api/payments/webhook [evt_1TMVoQFnytbVCW7w11m2j8fR]
2026-04-15 11:57:10   --> price.created [evt_1TMVoQFnytbVCW7wcsCpgZps]
2026-04-15 11:57:10   --> plan.created [evt_1TMVoQFnytbVCW7wQk2Uv4VX]
2026-04-15 11:57:10  <--  [200] POST http://localhost:3000/api/payments/webhook [evt_1TMVoQFnytbVCW7wcsCpgZps]
2026-04-15 11:57:10  <--  [200] POST http://localhost:3000/api/payments/webhook [evt_1TMVoQFnytbVCW7wQk2Uv4VX]
2026-04-15 11:57:10   --> product.created [evt_1TMVoQFnytbVCW7wJhNIEYdo]
2026-04-15 11:57:10  <--  [200] POST http://localhost:3000/api/payments/webhook [evt_1TMVoQFnytbVCW7wJhNIEYdo]
2026-04-15 11:57:11   --> price.created [evt_1TMVoQFnytbVCW7wTqfhkEbC]
2026-04-15 11:57:11  <--  [200] POST http://localhost:3000/api/payments/webhook [evt_1TMVoQFnytbVCW7wTqfhkEbC]
2026-04-15 11:57:11   --> plan.created [evt_1TMVoQFnytbVCW7w1n3efbEm]
2026-04-15 11:57:11  <--  [200] POST http://localhost:3000/api/payments/webhook [evt_1TMVoQFnytbVCW7w1n3efbEm]
2026-04-15 11:57:11   --> product.created [evt_1TMVoRFnytbVCW7wYdyQ5ykU]
2026-04-15 11:57:11  <--  [200] POST http://localhost:3000/api/payments/webhook [evt_1TMVoRFnytbVCW7wYdyQ5ykU]
2026-04-15 11:57:11   --> plan.created [evt_1TMVoRFnytbVCW7whJC3e0dg]
2026-04-15 11:57:11  <--  [200] POST http://localhost:3000/api/payments/webhook [evt_1TMVoRFnytbVCW7whJC3e0dg]
2026-04-15 11:57:11   --> price.created [evt_1TMVoRFnytbVCW7wwBx5yTTo]
2026-04-15 11:57:11  <--  [200] POST http://localhost:3000/api/payments/webhook [evt_1TMVoRFnytbVCW7wwBx5yTTo]
2026-04-15 11:57:11   --> product.created [evt_1TMVoRFnytbVCW7wiDCajF0q]
2026-04-15 11:57:11  <--  [200] POST http://localhost:3000/api/payments/webhook [evt_1TMVoRFnytbVCW7wiDCajF0q]
2026-04-15 11:57:11   --> plan.created [evt_1TMVoRFnytbVCW7wkSM768RI]
2026-04-15 11:57:11  <--  [200] POST http://localhost:3000/api/payments/webhook [evt_1TMVoRFnytbVCW7wkSM768RI]
2026-04-15 11:57:18   --> price.created [evt_1TMVoRFnytbVCW7wk11CNCls]
2026-04-15 11:57:18  <--  [200] POST http://localhost:3000/api/payments/webhook [evt_1TMVoRFnytbVCW7wk11CNCls]
2026-04-15 12:05:42   --> payment_method.attached [evt_1TMVwfFnytbVCW7wch7srEWl]
2026-04-15 12:05:42  <--  [200] POST http://localhost:3000/api/payments/webhook [evt_1TMVwfFnytbVCW7wch7srEWl]
2026-04-15 12:05:42   --> customer.updated [evt_1TMVwgFnytbVCW7wNf0Tu2Ip]
2026-04-15 12:05:42  <--  [200] POST http://localhost:3000/api/payments/webhook [evt_1TMVwgFnytbVCW7wNf0Tu2Ip]
2026-04-15 12:05:42   --> checkout.session.completed [evt_1TMVwgFnytbVCW7wQ6WlCsyB]
2026-04-15 12:05:42  <--  [200] POST http://localhost:3000/api/payments/webhook [evt_1TMVwgFnytbVCW7wQ6WlCsyB]
2026-04-15 12:05:42   --> customer.subscription.updated [evt_1TMVwgFnytbVCW7w5EocWOAC]
2026-04-15 12:05:42   --> payment_intent.succeeded [evt_3TMVwZFnytbVCW7w1NizI2W5]
2026-04-15 12:05:42  <--  [200] POST http://localhost:3000/api/payments/webhook [evt_3TMVwZFnytbVCW7w1NizI2W5]
2026-04-15 12:05:42   --> payment_intent.created [evt_3TMVwZFnytbVCW7w11UAvVax]
2026-04-15 12:05:42  <--  [200] POST http://localhost:3000/api/payments/webhook [evt_3TMVwZFnytbVCW7w11UAvVax]
2026-04-15 12:05:42   --> invoice.created [evt_1TMVwgFnytbVCW7wpA0gkJ0R]
2026-04-15 12:05:42  <--  [200] POST http://localhost:3000/api/payments/webhook [evt_1TMVwgFnytbVCW7wpA0gkJ0R]
2026-04-15 12:05:42  <--  [200] POST http://localhost:3000/api/payments/webhook [evt_1TMVwgFnytbVCW7w5EocWOAC]
2026-04-15 12:05:42   --> invoice.finalized [evt_1TMVwgFnytbVCW7wMO8eTu9q]
2026-04-15 12:05:42  <--  [200] POST http://localhost:3000/api/payments/webhook [evt_1TMVwgFnytbVCW7wMO8eTu9q]
2026-04-15 12:05:42   --> charge.succeeded [evt_3TMVwZFnytbVCW7w1rYlx4HH]
2026-04-15 12:05:42  <--  [200] POST http://localhost:3000/api/payments/webhook [evt_3TMVwZFnytbVCW7w1rYlx4HH]
2026-04-15 12:05:43   --> invoice.updated [evt_1TMVwgFnytbVCW7wDB5l8kYE]
2026-04-15 12:05:43  <--  [200] POST http://localhost:3000/api/payments/webhook [evt_1TMVwgFnytbVCW7wDB5l8kYE]
2026-04-15 12:05:43   --> invoice.payment_succeeded [evt_1TMVwgFnytbVCW7wMjeEeavP]
2026-04-15 12:05:43   --> invoice.paid [evt_1TMVwgFnytbVCW7w0QVsM7gK]
2026-04-15 12:05:43  <--  [200] POST http://localhost:3000/api/payments/webhook [evt_1TMVwgFnytbVCW7wMjeEeavP]
2026-04-15 12:05:43  <--  [200] POST http://localhost:3000/api/payments/webhook [evt_1TMVwgFnytbVCW7w0QVsM7gK]
2026-04-15 12:05:47   --> customer.created [evt_1TMVwfFnytbVCW7wYQgzv5Oq]
2026-04-15 12:05:47  <--  [200] POST http://localhost:3000/api/payments/webhook [evt_1TMVwfFnytbVCW7wYQgzv5Oq]
2026-04-15 12:05:47   --> customer.subscription.created [evt_1TMVwgFnytbVCW7w4ixeN7Tm]
2026-04-15 12:05:47  <--  [200] POST http://localhost:3000/api/payments/webhook [evt_1TMVwgFnytbVCW7w4ixeN7Tm]
2026-04-15 12:06:01   --> billing_portal.configuration.created [evt_1TMVwzFnytbVCW7wAUpqvXIU]
2026-04-15 12:06:01  <--  [200] POST http://localhost:3000/api/payments/webhook [evt_1TMVwzFnytbVCW7wAUpqvXIU]
2026-04-15 12:06:01   --> billing_portal.session.created [evt_1TMVwzFnytbVCW7w1IqtPDBg]
2026-04-15 12:06:01  <--  [200] POST http://localhost:3000/api/payments/webhook [evt_1TMVwzFnytbVCW7w1IqtPDBg]
2026-04-15 12:06:43   --> invoice_payment.paid [evt_1TMVxfFnytbVCW7w39WetX9Y]
2026-04-15 12:06:43  <--  [200] POST http://localhost:3000/api/payments/webhook [evt_1TMVxfFnytbVCW7w39WetX9Y]
Session expired, reconnecting...
Ready! You are using Stripe API Version [2026-03-25.dahlia]. Your webhook signing secret is whsec_cad8cb190d60f7e78da7e127880f00daa2ff920dc8fcc35fca44dcbc076b286f (^C to quit)
Session expired, reconnecting...
Ready! You are using Stripe API Version [2026-03-25.dahlia]. Your webhook signing secret is whsec_cad8cb190d60f7e78da7e127880f00daa2ff920dc8fcc35fca44dcbc076b286f (^C to quit)
Session expired, reconnecting...
Ready! You are using Stripe API Version [2026-03-25.dahlia]. Your webhook signing secret is whsec_cad8cb190d60f7e78da7e127880f00daa2ff920dc8fcc35fca44dcbc076b286f (^C to quit)
Session expired, reconnecting...
Ready! You are using Stripe API Version [2026-03-25.dahlia]. Your webhook signing secret is whsec_cad8cb190d60f7e78da7e127880f00daa2ff920dc8fcc35fca44dcbc076b286f (^C to quit)
Session expired, reconnecting...
Ready! You are using Stripe API Version [2026-03-25.dahlia]. Your webhook signing secret is whsec_cad8cb190d60f7e78da7e127880f00daa2ff920dc8fcc35fca44dcbc076b286f (^C to quit)
Session expired, reconnecting...
Ready! You are using Stripe API Version [2026-03-25.dahlia]. Your webhook signing secret is whsec_cad8cb190d60f7e78da7e127880f00daa2ff920dc8fcc35fca44dcbc076b286f (^C to quit)
Session expired, reconnecting...
Ready! You are using Stripe API Version [2026-03-25.dahlia]. Your webhook signing secret is whsec_cad8cb190d60f7e78da7e127880f00daa2ff920dc8fcc35fca44dcbc076b286f (^C to quit)
Session expired, reconnecting...
Ready! You are using Stripe API Version [2026-03-25.dahlia]. Your webhook signing secret is whsec_cad8cb190d60f7e78da7e127880f00daa2ff920dc8fcc35fca44dcbc076b286f (^C to quit)
Session expired, reconnecting...
Ready! You are using Stripe API Version [2026-03-25.dahlia]. Your webhook signing secret is whsec_cad8cb190d60f7e78da7e127880f00daa2ff920dc8fcc35fca44dcbc076b286f (^C to quit)
time="Thu, 16 Apr 2026 09:45:36 EDT" level=error msg="Error when writing ping message: write tcp 192.168.1.247:53086->54.187.159.182:443: i/o timeout" prefix=websocket.Client.writePump
time="Thu, 16 Apr 2026 09:46:55 EDT" level=error msg="Error when writing ping message: write tcp 192.168.1.247:53428->54.186.23.98:443: i/o timeout" prefix=websocket.Client.writePump
Session expired, reconnecting...
Ready! You are using Stripe API Version [2026-03-25.dahlia]. Your webhook signing secret is whsec_cad8cb190d60f7e78da7e127880f00daa2ff920dc8fcc35fca44dcbc076b286f (^C to quit)
2026-04-16 11:59:40   --> checkout.session.expired [evt_1TMsK0FnytbVCW7we8PAjwtM]
2026-04-16 11:59:41  <--  [200] POST http://localhost:3000/api/payments/webhook [evt_1TMsK0FnytbVCW7we8PAjwtM]
2026-04-16 12:04:12   --> checkout.session.expired [evt_1TMsN2FnytbVCW7wxO10JlF3]
2026-04-16 12:04:12   --> checkout.session.expired [evt_1TMsNEFnytbVCW7wdZvUc0op]
2026-04-16 12:04:12  <--  [200] POST http://localhost:3000/api/payments/webhook [evt_1TMsN2FnytbVCW7wxO10JlF3]
2026-04-16 12:04:12  <--  [200] POST http://localhost:3000/api/payments/webhook [evt_1TMsNEFnytbVCW7wdZvUc0op]
Session expired, reconnecting...
Ready! You are using Stripe API Version [2026-03-25.dahlia]. Your webhook signing secret is whsec_cad8cb190d60f7e78da7e127880f00daa2ff920dc8fcc35fca44dcbc076b286f (^C to quit)
Session expired, reconnecting...
Ready! You are using Stripe API Version [2026-03-25.dahlia]. Your webhook signing secret is whsec_cad8cb190d60f7e78da7e127880f00daa2ff920dc8fcc35fca44dcbc076b286f (^C to quit)
Session expired, reconnecting...
Ready! You are using Stripe API Version [2026-03-25.dahlia]. Your webhook signing secret is whsec_cad8cb190d60f7e78da7e127880f00daa2ff920dc8fcc35fca44dcbc076b286f (^C to quit)
Session expired, reconnecting...
Ready! You are using Stripe API Version [2026-03-25.dahlia]. Your webhook signing secret is whsec_cad8cb190d60f7e78da7e127880f00daa2ff920dc8fcc35fca44dcbc076b286f (^C to quit)
Session expired, reconnecting...
Ready! You are using Stripe API Version [2026-03-25.dahlia]. Your webhook signing secret is whsec_cad8cb190d60f7e78da7e127880f00daa2ff920dc8fcc35fca44dcbc076b286f (^C to quit)
Session expired, reconnecting...
Ready! You are using Stripe API Version [2026-03-25.dahlia]. Your webhook signing secret is whsec_cad8cb190d60f7e78da7e127880f00daa2ff920dc8fcc35fca44dcbc076b286f (^C to quit)
Session expired, reconnecting...
Ready! You are using Stripe API Version [2026-03-25.dahlia]. Your webhook signing secret is whsec_cad8cb190d60f7e78da7e127880f00daa2ff920dc8fcc35fca44dcbc076b286f (^C to quit)
Session expired, reconnecting...
Ready! You are using Stripe API Version [2026-03-25.dahlia]. Your webhook signing secret is whsec_cad8cb190d60f7e78da7e127880f00daa2ff920dc8fcc35fca44dcbc076b286f (^C to quit)
Session expired, reconnecting...
Ready! You are using Stripe API Version [2026-03-25.dahlia]. Your webhook signing secret is whsec_cad8cb190d60f7e78da7e127880f00daa2ff920dc8fcc35fca44dcbc076b286f (^C to quit)
Session expired, reconnecting...
Ready! You are using Stripe API Version [2026-03-25.dahlia]. Your webhook signing secret is whsec_cad8cb190d60f7e78da7e127880f00daa2ff920dc8fcc35fca44dcbc076b286f (^C to quit)
Session expired, reconnecting...
Ready! You are using Stripe API Version [2026-03-25.dahlia]. Your webhook signing secret is whsec_cad8cb190d60f7e78da7e127880f00daa2ff920dc8fcc35fca44dcbc076b286f (^C to quit)
Session expired, reconnecting...
Ready! You are using Stripe API Version [2026-03-25.dahlia]. Your webhook signing secret is whsec_cad8cb190d60f7e78da7e127880f00daa2ff920dc8fcc35fca44dcbc076b286f (^C to quit)
Session expired, reconnecting...
Ready! You are using Stripe API Version [2026-03-25.dahlia]. Your webhook signing secret is whsec_cad8cb190d60f7e78da7e127880f00daa2ff920dc8fcc35fca44dcbc076b286f (^C to quit)
Session expired, reconnecting...
Ready! You are using Stripe API Version [2026-03-25.dahlia]. Your webhook signing secret is whsec_cad8cb190d60f7e78da7e127880f00daa2ff920dc8fcc35fca44dcbc076b286f (^C to quit)
Session expired, reconnecting...
Ready! You are using Stripe API Version [2026-03-25.dahlia]. Your webhook signing secret is whsec_cad8cb190d60f7e78da7e127880f00daa2ff920dc8fcc35fca44dcbc076b286f (^C to quit)
Session expired, reconnecting...
Ready! You are using Stripe API Version [2026-03-25.dahlia]. Your webhook signing secret is whsec_cad8cb190d60f7e78da7e127880f00daa2ff920dc8fcc35fca44dcbc076b286f (^C to quit)
Session expired, reconnecting...
Ready! You are using Stripe API Version [2026-03-25.dahlia]. Your webhook signing secret is whsec_cad8cb190d60f7e78da7e127880f00daa2ff920dc8fcc35fca44dcbc076b286f (^C to quit)
Session expired, reconnecting...
Ready! You are using Stripe API Version [2026-03-25.dahlia]. Your webhook signing secret is whsec_cad8cb190d60f7e78da7e127880f00daa2ff920dc8fcc35fca44dcbc076b286f (^C to quit)
Session expired, reconnecting...
Ready! You are using Stripe API Version [2026-03-25.dahlia]. Your webhook signing secret is whsec_cad8cb190d60f7e78da7e127880f00daa2ff920dc8fcc35fca44dcbc076b286f (^C to quit)
Session expired, reconnecting...
Ready! You are using Stripe API Version [2026-03-25.dahlia]. Your webhook signing secret is whsec_cad8cb190d60f7e78da7e127880f00daa2ff920dc8fcc35fca44dcbc076b286f (^C to quit)
Session expired, reconnecting...
Ready! You are using Stripe API Version [2026-03-25.dahlia]. Your webhook signing secret is whsec_cad8cb190d60f7e78da7e127880f00daa2ff920dc8fcc35fca44dcbc076b286f (^C to quit)
Session expired, reconnecting...
Ready! You are using Stripe API Version [2026-03-25.dahlia]. Your webhook signing secret is whsec_cad8cb190d60f7e78da7e127880f00daa2ff920dc8fcc35fca44dcbc076b286f (^C to quit)
Session expired, reconnecting...
Ready! You are using Stripe API Version [2026-03-25.dahlia]. Your webhook signing secret is whsec_cad8cb190d60f7e78da7e127880f00daa2ff920dc8fcc35fca44dcbc076b286f (^C to quit)
Session expired, reconnecting...
Ready! You are using Stripe API Version [2026-03-25.dahlia]. Your webhook signing secret is whsec_cad8cb190d60f7e78da7e127880f00daa2ff920dc8fcc35fca44dcbc076b286f (^C to quit)
Session expired, reconnecting...
Ready! You are using Stripe API Version [2026-03-25.dahlia]. Your webhook signing secret is whsec_cad8cb190d60f7e78da7e127880f00daa2ff920dc8fcc35fca44dcbc076b286f (^C to quit)
Session expired, reconnecting...
Ready! You are using Stripe API Version [2026-03-25.dahlia]. Your webhook signing secret is whsec_cad8cb190d60f7e78da7e127880f00daa2ff920dc8fcc35fca44dcbc076b286f (^C to quit)
Session expired, reconnecting...
Ready! You are using Stripe API Version [2026-03-25.dahlia]. Your webhook signing secret is whsec_cad8cb190d60f7e78da7e127880f00daa2ff920dc8fcc35fca44dcbc076b286f (^C to quit)
Session expired, reconnecting...
Ready! You are using Stripe API Version [2026-03-25.dahlia]. Your webhook signing secret is whsec_cad8cb190d60f7e78da7e127880f00daa2ff920dc8fcc35fca44dcbc076b286f (^C to quit)
Session expired, reconnecting...
Ready! You are using Stripe API Version [2026-03-25.dahlia]. Your webhook signing secret is whsec_cad8cb190d60f7e78da7e127880f00daa2ff920dc8fcc35fca44dcbc076b286f (^C to quit)
Session expired, reconnecting...
Ready! You are using Stripe API Version [2026-03-25.dahlia]. Your webhook signing secret is whsec_cad8cb190d60f7e78da7e127880f00daa2ff920dc8fcc35fca44dcbc076b286f (^C to quit)
Session expired, reconnecting...
Ready! You are using Stripe API Version [2026-03-25.dahlia]. Your webhook signing secret is whsec_cad8cb190d60f7e78da7e127880f00daa2ff920dc8fcc35fca44dcbc076b286f (^C to quit)
Session expired, reconnecting...
Ready! You are using Stripe API Version [2026-03-25.dahlia]. Your webhook signing secret is whsec_cad8cb190d60f7e78da7e127880f00daa2ff920dc8fcc35fca44dcbc076b286f (^C to quit)
Session expired, reconnecting...
Ready! You are using Stripe API Version [2026-03-25.dahlia]. Your webhook signing secret is whsec_cad8cb190d60f7e78da7e127880f00daa2ff920dc8fcc35fca44dcbc076b286f (^C to quit)
Session expired, reconnecting...
Ready! You are using Stripe API Version [2026-03-25.dahlia]. Your webhook signing secret is whsec_cad8cb190d60f7e78da7e127880f00daa2ff920dc8fcc35fca44dcbc076b286f (^C to quit)
Session expired, reconnecting...
Ready! You are using Stripe API Version [2026-03-25.dahlia]. Your webhook signing secret is whsec_cad8cb190d60f7e78da7e127880f00daa2ff920dc8fcc35fca44dcbc076b286f (^C to quit)
Session expired, reconnecting...
Ready! You are using Stripe API Version [2026-03-25.dahlia]. Your webhook signing secret is whsec_cad8cb190d60f7e78da7e127880f00daa2ff920dc8fcc35fca44dcbc076b286f (^C to quit)
Session expired, reconnecting...
Ready! You are using Stripe API Version [2026-03-25.dahlia]. Your webhook signing secret is whsec_cad8cb190d60f7e78da7e127880f00daa2ff920dc8fcc35fca44dcbc076b286f (^C to quit)
Session expired, reconnecting...
Ready! You are using Stripe API Version [2026-03-25.dahlia]. Your webhook signing secret is whsec_cad8cb190d60f7e78da7e127880f00daa2ff920dc8fcc35fca44dcbc076b286f (^C to quit)
Session expired, reconnecting...
Ready! You are using Stripe API Version [2026-03-25.dahlia]. Your webhook signing secret is whsec_cad8cb190d60f7e78da7e127880f00daa2ff920dc8fcc35fca44dcbc076b286f (^C to quit)
Session expired, reconnecting...
Ready! You are using Stripe API Version [2026-03-25.dahlia]. Your webhook signing secret is whsec_cad8cb190d60f7e78da7e127880f00daa2ff920dc8fcc35fca44dcbc076b286f (^C to quit)
Session expired, reconnecting...
Ready! You are using Stripe API Version [2026-03-25.dahlia]. Your webhook signing secret is whsec_cad8cb190d60f7e78da7e127880f00daa2ff920dc8fcc35fca44dcbc076b286f (^C to quit)
Session expired, reconnecting...
Ready! You are using Stripe API Version [2026-03-25.dahlia]. Your webhook signing secret is whsec_cad8cb190d60f7e78da7e127880f00daa2ff920dc8fcc35fca44dcbc076b286f (^C to quit)
Session expired, reconnecting...
Ready! You are using Stripe API Version [2026-03-25.dahlia]. Your webhook signing secret is whsec_cad8cb190d60f7e78da7e127880f00daa2ff920dc8fcc35fca44dcbc076b286f (^C to quit)
Session expired, reconnecting...
Ready! You are using Stripe API Version [2026-03-25.dahlia]. Your webhook signing secret is whsec_cad8cb190d60f7e78da7e127880f00daa2ff920dc8fcc35fca44dcbc076b286f (^C to quit)
Session expired, reconnecting...
Ready! You are using Stripe API Version [2026-03-25.dahlia]. Your webhook signing secret is whsec_cad8cb190d60f7e78da7e127880f00daa2ff920dc8fcc35fca44dcbc076b286f (^C to quit)
Session expired, reconnecting...
Ready! You are using Stripe API Version [2026-03-25.dahlia]. Your webhook signing secret is whsec_cad8cb190d60f7e78da7e127880f00daa2ff920dc8fcc35fca44dcbc076b286f (^C to quit)
Session expired, reconnecting...
Ready! You are using Stripe API Version [2026-03-25.dahlia]. Your webhook signing secret is whsec_cad8cb190d60f7e78da7e127880f00daa2ff920dc8fcc35fca44dcbc076b286f (^C to quit)
Session expired, reconnecting...
Ready! You are using Stripe API Version [2026-03-25.dahlia]. Your webhook signing secret is whsec_cad8cb190d60f7e78da7e127880f00daa2ff920dc8fcc35fca44dcbc076b286f (^C to quit)
Session expired, reconnecting...
Ready! You are using Stripe API Version [2026-03-25.dahlia]. Your webhook signing secret is whsec_cad8cb190d60f7e78da7e127880f00daa2ff920dc8fcc35fca44dcbc076b286f (^C to quit)
Session expired, reconnecting...
Ready! You are using Stripe API Version [2026-03-25.dahlia]. Your webhook signing secret is whsec_cad8cb190d60f7e78da7e127880f00daa2ff920dc8fcc35fca44dcbc076b286f (^C to quit)
Session expired, reconnecting...
Ready! You are using Stripe API Version [2026-03-25.dahlia]. Your webhook signing secret is whsec_cad8cb190d60f7e78da7e127880f00daa2ff920dc8fcc35fca44dcbc076b286f (^C to quit)
Session expired, reconnecting...
Ready! You are using Stripe API Version [2026-03-25.dahlia]. Your webhook signing secret is whsec_cad8cb190d60f7e78da7e127880f00daa2ff920dc8fcc35fca44dcbc076b286f (^C to quit)
Session expired, reconnecting...
Ready! You are using Stripe API Version [2026-03-25.dahlia]. Your webhook signing secret is whsec_cad8cb190d60f7e78da7e127880f00daa2ff920dc8fcc35fca44dcbc076b286f (^C to quit)
Session expired, reconnecting...
Ready! You are using Stripe API Version [2026-03-25.dahlia]. Your webhook signing secret is whsec_cad8cb190d60f7e78da7e127880f00daa2ff920dc8fcc35fca44dcbc076b286f (^C to quit)
